Arguments: 
  /Users/Ankur/.nvm/versions/node/v14.4.0/bin/node /Users/Ankur/.nvm/versions/node/v14.4.0/bin/yarn add express multer mongoose jsonwebtoken bcrypt dotnev

PATH: 
  /Users/Ankur/.nvm/versions/node/v14.4.0/bin:/Users/Ankur/Documents/selenium-webdrivers:/Users/Ankur/anaconda3/condabin:/Library/Frameworks/Python.framework/Versions/3.7/bin:/Users/Ankur/Desktop/platform-tools:/Library/Frameworks/Python.framework/Versions/3.7/bin:/Library/Frameworks/Python.framework/Versions/3.6/bin:/usr/local/bin:/usr/bin:/bin:/usr/sbin:/sbin:/Users/Ankur/Documents/selenium-webdrivers:/Applications/Wireshark.app/Contents/MacOS:/Applications/MAMP/Library/bin:/Users/Ankur/.nvm/versions/node/v14.4.0/bin:/Users/Ankur/.deno/bin:/usr/local/lib/node_modules/node/bin:/usr/local/opt/ruby/bin:/Applications/MAMP/Library/bin

Yarn version: 
  1.22.4

Node version: 
  14.4.0

Platform: 
  darwin x64

Trace: 
  Error: https://registry.yarnpkg.com/dotnev: Not found
      at Request.params.callback [as _callback] (/Users/Ankur/.nvm/versions/node/v14.4.0/lib/node_modules/yarn/lib/cli.js:66987:18)
      at Request.self.callback (/Users/Ankur/.nvm/versions/node/v14.4.0/lib/node_modules/yarn/lib/cli.js:140748:22)
      at Request.emit (events.js:315:20)
      at Request.<anonymous> (/Users/Ankur/.nvm/versions/node/v14.4.0/lib/node_modules/yarn/lib/cli.js:141720:10)
      at Request.emit (events.js:315:20)
      at IncomingMessage.<anonymous> (/Users/Ankur/.nvm/versions/node/v14.4.0/lib/node_modules/yarn/lib/cli.js:141642:12)
      at Object.onceWrapper (events.js:421:28)
      at IncomingMessage.emit (events.js:327:22)
      at endReadableNT (_stream_readable.js:1224:12)
      at processTicksAndRejections (internal/process/task_queues.js:84:21)

npm manifest: 
  {
    "name": "nodejs-upload",
    "version": "1.0.0",
    "main": "index.js",
    "repository": "https://github.com/Akaul18/nodejs-upload.git",
    "author": "kaul <ankurkaul1894@gmail.com>",
    "license": "MIT"
  }

yarn manifest: 
  No manifest

Lockfile: 
  No lockfile
